[debug] [2022-02-12T17:03:59.168Z] ----------------------------------------------------------------------
[debug] [2022-02-12T17:03:59.169Z] Command:       /var/lib/snapd/snap/node/5880/bin/node /usr/local/bin/firebase deploy
[debug] [2022-02-12T17:03:59.170Z] CLI Version:   10.2.0
[debug] [2022-02-12T17:03:59.170Z] Platform:      linux
[debug] [2022-02-12T17:03:59.170Z] Node Version:  v16.14.0
[debug] [2022-02-12T17:03:59.170Z] Time:          Sat Feb 12 2022 22:33:59 GMT+0530 (India Standard Time)
[debug] [2022-02-12T17:03:59.171Z] ----------------------------------------------------------------------
[debug] 
[debug] [2022-02-12T17:03:59.232Z] > command requires scopes: ["email","openid","https://www.googleapis.com/auth/cloudplatformprojects.readonly","https://www.googleapis.com/auth/firebase","https://www.googleapis.com/auth/cloud-platform"]
[debug] [2022-02-12T17:03:59.232Z] > authorizing via signed-in user (abhaynamdeo8@gmail.com)
[debug] [2022-02-12T17:03:59.232Z] [iam] checking project renuka-music-academy for permissions ["firebase.projects.get","firebasehosting.sites.update"]
[debug] [2022-02-12T17:03:59.234Z] > refreshing access token with scopes: []
[debug] [2022-02-12T17:03:59.235Z] >>> HTTP REQUEST POST https://www.googleapis.com/oauth2/v3/token  
 <request body omitted>
[debug] [2022-02-12T17:03:59.506Z] <<< HTTP RESPONSE 200 {"expires":"Mon, 01 Jan 1990 00:00:00 GMT","date":"Sat, 12 Feb 2022 17:03:59 GMT","pragma":"no-cache","cache-control":"no-cache, no-store, max-age=0, must-revalidate","content-type":"application/json; charset=utf-8","vary":"X-Origin, Referer, Origin,Accept-Encoding","server":"scaffolding on HTTPServer2","x-xss-protection":"0","x-frame-options":"SAMEORIGIN","x-content-type-options":"nosniff","alt-svc":"h3=\":443\"; ma=2592000,h3-29=\":443\"; ma=2592000,h3-Q050=\":443\"; ma=2592000,h3-Q046=\":443\"; ma=2592000,h3-Q043=\":443\"; ma=2592000,quic=\":443\"; ma=2592000; v=\"46,43\"","accept-ranges":"none","transfer-encoding":"chunked"}
[debug] [2022-02-12T17:03:59.517Z] >>> [apiv2][query] POST https://cloudresourcemanager.googleapis.com/v1/projects/renuka-music-academy:testIamPermissions [none]
[debug] [2022-02-12T17:03:59.517Z] >>> [apiv2][body] POST https://cloudresourcemanager.googleapis.com/v1/projects/renuka-music-academy:testIamPermissions {"permissions":["firebase.projects.get","firebasehosting.sites.update"]}
[debug] [2022-02-12T17:04:01.294Z] <<< [apiv2][status] POST https://cloudresourcemanager.googleapis.com/v1/projects/renuka-music-academy:testIamPermissions 200
[debug] [2022-02-12T17:04:01.294Z] <<< [apiv2][body] POST https://cloudresourcemanager.googleapis.com/v1/projects/renuka-music-academy:testIamPermissions {"permissions":["firebase.projects.get","firebasehosting.sites.update"]}
[debug] [2022-02-12T17:04:01.295Z] >>> [apiv2][query] GET https://firebase.googleapis.com/v1beta1/projects/renuka-music-academy [none]
[debug] [2022-02-12T17:04:01.874Z] <<< [apiv2][status] GET https://firebase.googleapis.com/v1beta1/projects/renuka-music-academy 200
[debug] [2022-02-12T17:04:01.874Z] <<< [apiv2][body] GET https://firebase.googleapis.com/v1beta1/projects/renuka-music-academy {"projectId":"renuka-music-academy","projectNumber":"117408581395","displayName":"renukamusicacademy","name":"projects/renuka-music-academy","resources":{"hostingSite":"renuka-music-academy","storageBucket":"renuka-music-academy.appspot.com","locationId":"us-central"},"state":"ACTIVE"}
[info] 
[info] === Deploying to 'renuka-music-academy'...
[info] 
[info] i  deploying hosting 
[debug] [2022-02-12T17:04:01.878Z] > refreshing access token with scopes: ["email","https://www.googleapis.com/auth/cloud-platform","https://www.googleapis.com/auth/cloudplatformprojects.readonly","https://www.googleapis.com/auth/firebase","openid"]
[debug] [2022-02-12T17:04:01.878Z] >>> HTTP REQUEST POST https://www.googleapis.com/oauth2/v3/token  
 <request body omitted>
[debug] [2022-02-12T17:04:02.134Z] <<< HTTP RESPONSE 200 {"date":"Sat, 12 Feb 2022 17:04:02 GMT","expires":"Mon, 01 Jan 1990 00:00:00 GMT","pragma":"no-cache","cache-control":"no-cache, no-store, max-age=0, must-revalidate","content-type":"application/json; charset=utf-8","vary":"X-Origin, Referer, Origin,Accept-Encoding","server":"scaffolding on HTTPServer2","x-xss-protection":"0","x-frame-options":"SAMEORIGIN","x-content-type-options":"nosniff","alt-svc":"h3=\":443\"; ma=2592000,h3-29=\":443\"; ma=2592000,h3-Q050=\":443\"; ma=2592000,h3-Q046=\":443\"; ma=2592000,h3-Q043=\":443\"; ma=2592000,quic=\":443\"; ma=2592000; v=\"46,43\"","accept-ranges":"none","transfer-encoding":"chunked"}
[debug] [2022-02-12T17:04:02.144Z] >>> HTTP REQUEST POST https://firebasehosting.googleapis.com/v1beta1/sites/renuka-music-academy/versions  
 {"config":{},"labels":{"deployment-tool":"cli-firebase"}}
